************************************************************************************************************************

THREE ADDRESS CODE (TAC):
************************************************************************************************************************


0   : printStr: 
1   : function printStr ends

2   : printInt: 
3   : function printInt ends

4   : readInt: 
5   : function readInt ends

6   : main: 
7   :    t0 = 1
8   :    loop_count = t0
9   :    param .LC0
10  :    t1 = call printStr, 1
11  :    t2 = loop_count
12  :    loop_count = loop_count + 1
13  :    param t2
14  :    t3 = call printInt, 1
15  :    param .LC1
16  :    t4 = call printStr, 1
17  :    t5 = 10
18  :    t6 = 1
19  :    if loop_count < t5 goto 9
20  :    t6 = 0
21  :    goto 23
22  :    goto 23
23  :    t7 = 32
24  :    p = t7
25  :    param .LC2
26  :    t8 = call printStr, 1
27  :    param p
28  :    t9 = call printInt, 1
29  :    t10 = 27
30  :    p = t10
31  :    param .LC3
32  :    t11 = call printStr, 1
33  :    param p
34  :    t12 = call printInt, 1
35  :    t13 = 13
36  :    p = t13
37  :    t14 = 13
38  :    t15 = 1
39  :    if p == t14 goto 43
40  :    t15 = 0
41  :    goto 46
42  :    goto 46
43  :    param .LC4
44  :    t16 = call printStr, 1
45  :    goto 46
46  :    param .LC5
47  :    t17 = call printStr, 1
48  :    param p
49  :    t18 = call printInt, 1
50  :    param .LC6
51  :    t19 = call printStr, 1
52  :    t20 = 0
53  :    return t20
54  : function main ends

************************************************************************************************************************

Symbol Table: ST.global                                         
************************************************************************************************************************

Name                    Type                     Initial Value       Size           Offset         Nested
************************************************************************************************************************

printStr                 function                 -                   0              0              ST.global.printStr
printInt                 function                 -                   0              0              ST.global.printInt
readInt                  function                 -                   0              0              ST.global.readInt
main                     function                 -                   0              0              ST.global.main
************************************************************************************************************************

************************************************************************************************************************

Symbol Table: ST.global.printStr                                
************************************************************************************************************************

Name                    Type                     Initial Value       Size           Offset         Nested
************************************************************************************************************************

ch                       char                     -                   1              0              NULL
RETVAL                   int                      -                   4              1              NULL
************************************************************************************************************************

************************************************************************************************************************

Symbol Table: ST.global.printInt                                
************************************************************************************************************************

Name                    Type                     Initial Value       Size           Offset         Nested
************************************************************************************************************************

n                        int                      -                   4              0              NULL
RETVAL                   int                      -                   4              4              NULL
************************************************************************************************************************

************************************************************************************************************************

Symbol Table: ST.global.readInt                                 
************************************************************************************************************************

Name                    Type                     Initial Value       Size           Offset         Nested
************************************************************************************************************************

eP                       int                      -                   4              0              NULL
RETVAL                   int                      -                   4              4              NULL
************************************************************************************************************************

************************************************************************************************************************

Symbol Table: ST.global.main                                    
************************************************************************************************************************

Name                    Type                     Initial Value       Size           Offset         Nested
************************************************************************************************************************

RETVAL                   int                      -                   4              0              NULL
t0                       int                      1                   4              4              NULL
loop_count               int                      1                   4              8              NULL
printStr                 int                      -                   4              12             NULL
.LC0                     int                      -                   4              16             NULL
t1                       int                      -                   4              20             NULL
printInt                 int                      -                   4              24             NULL
t2                       int                      -                   4              28             NULL
t3                       int                      -                   4              32             NULL
.LC1                     int                      -                   4              36             NULL
t4                       int                      -                   4              40             NULL
t5                       int                      10                  4              44             NULL
t6                       int                      -                   4              48             NULL
t7                       int                      32                  4              52             NULL
p                        int                      13                  4              56             NULL
.LC2                     int                      -                   4              60             NULL
t8                       int                      -                   4              64             NULL
t9                       int                      -                   4              68             NULL
t10                      int                      27                  4              72             NULL
.LC3                     int                      -                   4              76             NULL
t11                      int                      -                   4              80             NULL
t12                      int                      -                   4              84             NULL
t13                      int                      13                  4              88             NULL
t14                      int                      13                  4              92             NULL
t15                      int                      -                   4              96             NULL
.LC4                     int                      -                   4              100            NULL
t16                      int                      -                   4              104            NULL
.LC5                     int                      -                   4              108            NULL
t17                      int                      -                   4              112            NULL
t18                      int                      -                   4              116            NULL
.LC6                     int                      -                   4              120            NULL
t19                      int                      -                   4              124            NULL
t20                      int                      0                   4              128            NULL
************************************************************************************************************************

