************************************************************************************************************************

THREE ADDRESS CODE (TAC):
************************************************************************************************************************


0   : printStr: 
1   : function printStr ends

2   : printInt: 
3   : function printInt ends

4   : readInt: 
5   : function readInt ends

6   : merge: 
7   : function merge ends

8   : merge_sort: 
9   :    t0 = 1
10  :    if l < r goto 14
11  :    t0 = 0
12  :    goto 34
13  :    goto 34
14  :    t1 = l + r
15  :    t2 = 2
16  :    t3 = t1 / t2
17  :    m = t3
18  :    param a
19  :    param l
20  :    param m
21  :    call merge_sort, 3
22  :    t6 = 1
23  :    t7 = m + t6
24  :    param a
25  :    param t7
26  :    param r
27  :    call merge_sort, 3
28  :    param a
29  :    param l
30  :    param m
31  :    param r
32  :    t9 = call merge, 4
33  :    goto 34
34  : function merge_sort ends

35  : print_arr: 
36  :    t10 = 0
37  :    i = t10
38  :    t11 = 1
39  :    if i < n goto 46
40  :    t11 = 0
41  :    goto 56
42  :    goto 56
43  :    t12 = i
44  :    i = i + 1
45  :    goto 38
46  :    t13 = 0
47  :    t14 = i
48  :    t14 = t14 * 4
49  :    t13 = t14
50  :    t15 = a[t13]
51  :    param t15
52  :    t16 = call printInt, 1
53  :    param .LC0
54  :    t17 = call printStr, 1
55  :    goto 43
56  :    param .LC1
57  :    t18 = call printStr, 1
58  : function print_arr ends

59  : main: 
60  :    param .LC2
61  :    t19 = call printStr, 1
62  :    t20 = 6
63  :    n = t20
64  :    t21 = 6
65  :    t22 = 0
66  :    t23 = 0
67  :    t24 = t22
68  :    t24 = t24 * 4
69  :    t23 = t24
70  :    t25 = 123
71  :    a[t23] = t25
72  :    t26 = 1
73  :    t27 = 0
74  :    t28 = t26
75  :    t28 = t28 * 4
76  :    t27 = t28
77  :    t29 = 1
78  :    a[t27] = t29
79  :    t30 = 2
80  :    t31 = 0
81  :    t32 = t30
82  :    t32 = t32 * 4
83  :    t31 = t32
84  :    t33 = 34
85  :    a[t31] = t33
86  :    t34 = 3
87  :    t35 = 0
88  :    t36 = t34
89  :    t36 = t36 * 4
90  :    t35 = t36
91  :    t37 = 3212
92  :    a[t35] = t37
93  :    t38 = 4
94  :    t39 = 0
95  :    t40 = t38
96  :    t40 = t40 * 4
97  :    t39 = t40
98  :    t41 = 344
99  :    a[t39] = t41
100 :    t42 = 5
101 :    t43 = 0
102 :    t44 = t42
103 :    t44 = t44 * 4
104 :    t43 = t44
105 :    t45 = 2
106 :    a[t43] = t45
107 :    param .LC3
108 :    t46 = call printStr, 1
109 :    param a
110 :    param n
111 :    call print_arr, 2
112 :    t49 = 0
113 :    t50 = 1
114 :    t51 = n - t50
115 :    param a
116 :    param t49
117 :    param t51
118 :    call merge_sort, 3
119 :    param .LC4
120 :    t52 = call printStr, 1
121 :    param a
122 :    param n
123 :    call print_arr, 2
124 :    t54 = 0
125 :    return t54
126 : function main ends

127 : merge: 
128 :    t55 = mid - l
129 :    t56 = 1
130 :    t57 = t55 + t56
131 :    n1 = t57
132 :    t58 = r - mid
133 :    n2 = t58
134 :    t59 = 6
135 :    t60 = 6
136 :    t61 = 0
137 :    i = t61
138 :    t62 = 1
139 :    if i < n1 goto 146
140 :    t62 = 0
141 :    goto 158
142 :    goto 158
143 :    t63 = i
144 :    i = i + 1
145 :    goto 138
146 :    t64 = 0
147 :    t65 = i
148 :    t65 = t65 * 4
149 :    t64 = t65
150 :    t66 = l + i
151 :    t67 = 0
152 :    t68 = t66
153 :    t68 = t68 * 4
154 :    t67 = t68
155 :    t69 = a[t67]
156 :    left[t64] = t69
157 :    goto 143
158 :    t70 = 0
159 :    j = t70
160 :    t71 = 1
161 :    if j < n2 goto 168
162 :    t71 = 0
163 :    goto 183
164 :    goto 183
165 :    t72 = j
166 :    j = j + 1
167 :    goto 160
168 :    t73 = mid + j
169 :    t74 = 1
170 :    t75 = t73 + t74
171 :    q = t75
172 :    t76 = 0
173 :    t77 = j
174 :    t77 = t77 * 4
175 :    t76 = t77
176 :    t78 = 0
177 :    t79 = q
178 :    t79 = t79 * 4
179 :    t78 = t79
180 :    t80 = a[t78]
181 :    right[t76] = t80
182 :    goto 165
183 :    t81 = 0
184 :    i = t81
185 :    t82 = 0
186 :    j = t82
187 :    k = l
188 :    t83 = 1
189 :    if i < n1 goto 192
190 :    t83 = 0
191 :    goto 241
192 :    t84 = 1
193 :    if j < n2 goto 197
194 :    t84 = 0
195 :    goto 241
196 :    goto 241
197 :    t85 = 0
198 :    t86 = i
199 :    t86 = t86 * 4
200 :    t85 = t86
201 :    t87 = left[t85]
202 :    t88 = 0
203 :    t89 = j
204 :    t89 = t89 * 4
205 :    t88 = t89
206 :    t90 = right[t88]
207 :    t91 = 1
208 :    if t87 <= t90 goto 212
209 :    t91 = 0
210 :    goto 225
211 :    goto 238
212 :    t92 = 0
213 :    t93 = k
214 :    t93 = t93 * 4
215 :    t92 = t93
216 :    t94 = 0
217 :    t95 = i
218 :    t95 = t95 * 4
219 :    t94 = t95
220 :    t96 = left[t94]
221 :    a[t92] = t96
222 :    t97 = i
223 :    i = i + 1
224 :    goto 238
225 :    t98 = 0
226 :    t99 = k
227 :    t99 = t99 * 4
228 :    t98 = t99
229 :    t100 = 0
230 :    t101 = j
231 :    t101 = t101 * 4
232 :    t100 = t101
233 :    t102 = right[t100]
234 :    a[t98] = t102
235 :    t103 = j
236 :    j = j + 1
237 :    goto 238
238 :    t104 = k
239 :    k = k + 1
240 :    goto 188
241 :    t105 = 1
242 :    if i < n1 goto 246
243 :    t105 = 0
244 :    goto 261
245 :    goto 261
246 :    t106 = 0
247 :    t107 = k
248 :    t107 = t107 * 4
249 :    t106 = t107
250 :    t108 = 0
251 :    t109 = i
252 :    t109 = t109 * 4
253 :    t108 = t109
254 :    t110 = left[t108]
255 :    a[t106] = t110
256 :    t111 = i
257 :    i = i + 1
258 :    t112 = k
259 :    k = k + 1
260 :    goto 241
261 :    t113 = 1
262 :    if j < n2 goto 266
263 :    t113 = 0
264 :    goto 281
265 :    goto 281
266 :    t114 = 0
267 :    t115 = k
268 :    t115 = t115 * 4
269 :    t114 = t115
270 :    t116 = 0
271 :    t117 = j
272 :    t117 = t117 * 4
273 :    t116 = t117
274 :    t118 = right[t116]
275 :    a[t114] = t118
276 :    t119 = j
277 :    j = j + 1
278 :    t120 = k
279 :    k = k + 1
280 :    goto 261
281 :    t121 = 0
282 :    return t121
283 : function merge ends

************************************************************************************************************************

Symbol Table: ST.global                                         
************************************************************************************************************************

Name                    Type                     Initial Value       Size           Offset         Nested
************************************************************************************************************************

printStr                 function                 -                   0              0              ST.global.printStr
printInt                 function                 -                   0              0              ST.global.printInt
readInt                  function                 -                   0              0              ST.global.readInt
merge                    function                 -                   0              0              ST.global.merge
merge_sort               function                 -                   0              0              ST.global.merge_sort
print_arr                function                 -                   0              0              ST.global.print_arr
main                     function                 -                   0              0              ST.global.main
************************************************************************************************************************

************************************************************************************************************************

Symbol Table: ST.global.printStr                                
************************************************************************************************************************

Name                    Type                     Initial Value       Size           Offset         Nested
************************************************************************************************************************

ch                       char                     -                   1              0              NULL
RETVAL                   int                      -                   4              1              NULL
************************************************************************************************************************

************************************************************************************************************************

Symbol Table: ST.global.printInt                                
************************************************************************************************************************

Name                    Type                     Initial Value       Size           Offset         Nested
************************************************************************************************************************

n                        int                      -                   4              0              NULL
RETVAL                   int                      -                   4              4              NULL
************************************************************************************************************************

************************************************************************************************************************

Symbol Table: ST.global.readInt                                 
************************************************************************************************************************

Name                    Type                     Initial Value       Size           Offset         Nested
************************************************************************************************************************

eP                       int                      -                   4              0              NULL
RETVAL                   int                      -                   4              4              NULL
************************************************************************************************************************

************************************************************************************************************************

Symbol Table: ST.global.merge                                   
************************************************************************************************************************

Name                    Type                     Initial Value       Size           Offset         Nested
************************************************************************************************************************

a                        int[]                    -                   0              0              NULL
l                        int                      -                   4              0              NULL
mid                      int                      -                   4              4              NULL
r                        int                      -                   4              8              NULL
RETVAL                   int                      -                   4              12             NULL
i                        int                      -                   4              16             NULL
j                        int                      -                   4              20             NULL
k                        int                      -                   4              24             NULL
t55                      int                      -                   4              28             NULL
t56                      int                      1                   4              32             NULL
t57                      int                      -                   4              36             NULL
n1                       int                      -                   4              40             NULL
t58                      int                      -                   4              44             NULL
n2                       int                      -                   4              48             NULL
t59                      int                      6                   4              52             NULL
t60                      int                      6                   4              56             NULL
left                     int[6]                   -                   24             60             NULL
right                    int[6]                   -                   24             84             NULL
t61                      int                      0                   4              108            NULL
t62                      int                      -                   4              112            NULL
t63                      int                      -                   4              116            NULL
t64                      int                      -                   4              120            NULL
t65                      int                      -                   4              124            NULL
t66                      int                      -                   4              128            NULL
t67                      int                      -                   4              132            NULL
t68                      int                      -                   4              136            NULL
t69                      int                      -                   4              140            NULL
t70                      int                      0                   4              144            NULL
t71                      int                      -                   4              148            NULL
t72                      int                      -                   4              152            NULL
t73                      int                      -                   4              156            NULL
t74                      int                      1                   4              160            NULL
t75                      int                      -                   4              164            NULL
q                        int                      -                   4              168            NULL
t76                      int                      -                   4              172            NULL
t77                      int                      -                   4              176            NULL
t78                      int                      -                   4              180            NULL
t79                      int                      -                   4              184            NULL
t80                      int                      -                   4              188            NULL
t81                      int                      0                   4              192            NULL
t82                      int                      0                   4              196            NULL
t83                      int                      -                   4              200            NULL
t84                      int                      -                   4              204            NULL
t85                      int                      -                   4              208            NULL
t86                      int                      -                   4              212            NULL
t87                      int                      -                   4              216            NULL
t88                      int                      -                   4              220            NULL
t89                      int                      -                   4              224            NULL
t90                      int                      -                   4              228            NULL
t91                      int                      -                   4              232            NULL
t92                      int                      -                   4              236            NULL
t93                      int                      -                   4              240            NULL
t94                      int                      -                   4              244            NULL
t95                      int                      -                   4              248            NULL
t96                      int                      -                   4              252            NULL
t97                      int                      -                   4              256            NULL
t98                      int                      -                   4              260            NULL
t99                      int                      -                   4              264            NULL
t100                     int                      -                   4              268            NULL
t101                     int                      -                   4              272            NULL
t102                     int                      -                   4              276            NULL
t103                     int                      -                   4              280            NULL
t104                     int                      -                   4              284            NULL
t105                     int                      -                   4              288            NULL
t106                     int                      -                   4              292            NULL
t107                     int                      -                   4              296            NULL
t108                     int                      -                   4              300            NULL
t109                     int                      -                   4              304            NULL
t110                     int                      -                   4              308            NULL
t111                     int                      -                   4              312            NULL
t112                     int                      -                   4              316            NULL
t113                     int                      -                   4              320            NULL
t114                     int                      -                   4              324            NULL
t115                     int                      -                   4              328            NULL
t116                     int                      -                   4              332            NULL
t117                     int                      -                   4              336            NULL
t118                     int                      -                   4              340            NULL
t119                     int                      -                   4              344            NULL
t120                     int                      -                   4              348            NULL
t121                     int                      0                   4              352            NULL
************************************************************************************************************************

************************************************************************************************************************

Symbol Table: ST.global.merge_sort                              
************************************************************************************************************************

Name                    Type                     Initial Value       Size           Offset         Nested
************************************************************************************************************************

a                        int[]                    -                   0              0              NULL
l                        int                      -                   4              0              NULL
r                        int                      -                   4              4              NULL
RETVAL                   void                     -                   0              8              NULL
t0                       int                      -                   4              8              NULL
t1                       int                      -                   4              12             NULL
t2                       int                      2                   4              16             NULL
t3                       int                      -                   4              20             NULL
m                        int                      -                   4              24             NULL
merge_sort               int                      -                   4              28             NULL
t4                       int                      -                   4              32             NULL
t5                       int                      -                   4              36             NULL
t6                       int                      1                   4              40             NULL
t7                       int                      -                   4              44             NULL
merge                    int                      -                   4              48             NULL
t8                       int                      -                   4              52             NULL
t9                       int                      -                   4              56             NULL
************************************************************************************************************************

************************************************************************************************************************

Symbol Table: ST.global.print_arr                               
************************************************************************************************************************

Name                    Type                     Initial Value       Size           Offset         Nested
************************************************************************************************************************

a                        int[]                    -                   0              0              NULL
n                        int                      -                   4              0              NULL
RETVAL                   void                     -                   0              4              NULL
i                        int                      -                   4              4              NULL
t10                      int                      0                   4              8              NULL
t11                      int                      -                   4              12             NULL
t12                      int                      -                   4              16             NULL
printInt                 int                      -                   4              20             NULL
t13                      int                      -                   4              24             NULL
t14                      int                      -                   4              28             NULL
t15                      int                      -                   4              32             NULL
t16                      int                      -                   4              36             NULL
printStr                 int                      -                   4              40             NULL
.LC0                     int                      -                   4              44             NULL
t17                      int                      -                   4              48             NULL
.LC1                     int                      -                   4              52             NULL
t18                      int                      -                   4              56             NULL
************************************************************************************************************************

************************************************************************************************************************

Symbol Table: ST.global.main                                    
************************************************************************************************************************

Name                    Type                     Initial Value       Size           Offset         Nested
************************************************************************************************************************

RETVAL                   int                      -                   4              0              NULL
printStr                 int                      -                   4              4              NULL
.LC2                     int                      -                   4              8              NULL
t19                      int                      -                   4              12             NULL
t20                      int                      6                   4              16             NULL
n                        int                      6                   4              20             NULL
t21                      int                      6                   4              24             NULL
a                        int[6]                   -                   24             28             NULL
t22                      int                      0                   4              52             NULL
t23                      int                      -                   4              56             NULL
t24                      int                      -                   4              60             NULL
t25                      int                      123                 4              64             NULL
t26                      int                      1                   4              68             NULL
t27                      int                      -                   4              72             NULL
t28                      int                      -                   4              76             NULL
t29                      int                      1                   4              80             NULL
t30                      int                      2                   4              84             NULL
t31                      int                      -                   4              88             NULL
t32                      int                      -                   4              92             NULL
t33                      int                      34                  4              96             NULL
t34                      int                      3                   4              100            NULL
t35                      int                      -                   4              104            NULL
t36                      int                      -                   4              108            NULL
t37                      int                      3212                4              112            NULL
t38                      int                      4                   4              116            NULL
t39                      int                      -                   4              120            NULL
t40                      int                      -                   4              124            NULL
t41                      int                      344                 4              128            NULL
t42                      int                      5                   4              132            NULL
t43                      int                      -                   4              136            NULL
t44                      int                      -                   4              140            NULL
t45                      int                      2                   4              144            NULL
.LC3                     int                      -                   4              148            NULL
t46                      int                      -                   4              152            NULL
print_arr                int                      -                   4              156            NULL
t47                      int                      -                   4              160            NULL
merge_sort               int                      -                   4              164            NULL
t48                      int                      -                   4              168            NULL
t49                      int                      0                   4              172            NULL
t50                      int                      1                   4              176            NULL
t51                      int                      -                   4              180            NULL
.LC4                     int                      -                   4              184            NULL
t52                      int                      -                   4              188            NULL
t53                      int                      -                   4              192            NULL
t54                      int                      0                   4              196            NULL
************************************************************************************************************************

