************************************************************************************************************************

THREE ADDRESS CODE (TAC):
************************************************************************************************************************


0   : printStr: 
1   : function printStr ends

2   : printInt: 
3   : function printInt ends

4   : readInt: 
5   : function readInt ends

6   : max_sub_array_sum: 
7   :    t0 = 1000000
8   :    t1 = -t0
9   :    t2 = 0
10  :    overall_max = t1
11  :    max_till_now = t2
12  :    t3 = 0
13  :    i = t3
14  :    t4 = 1
15  :    if i < n goto 22
16  :    t4 = 0
17  :    goto 46
18  :    goto 46
19  :    t5 = i
20  :    i = i + 1
21  :    goto 14
22  :    t6 = 0
23  :    t7 = i
24  :    t7 = t7 * 4
25  :    t6 = t7
26  :    t8 = a[t6]
27  :    t9 = max_till_now + t8
28  :    max_till_now = t9
29  :    t10 = 1
30  :    if overall_max < max_till_now goto 34
31  :    t10 = 0
32  :    goto 36
33  :    goto 36
34  :    overall_max = max_till_now
35  :    goto 36
36  :    t11 = 0
37  :    t12 = 1
38  :    if max_till_now < t11 goto 42
39  :    t12 = 0
40  :    goto 19
41  :    goto 45
42  :    t13 = 0
43  :    max_till_now = t13
44  :    goto 19
45  :    goto 19
46  :    return overall_max
47  : function max_sub_array_sum ends

48  : main: 
49  :    t14 = 8
50  :    t15 = 0
51  :    t16 = 0
52  :    t17 = t15
53  :    t17 = t17 * 4
54  :    t16 = t17
55  :    t18 = 12
56  :    t19 = -t18
57  :    a[t16] = t19
58  :    t20 = 1
59  :    t21 = 0
60  :    t22 = t20
61  :    t22 = t22 * 4
62  :    t21 = t22
63  :    t23 = 87
64  :    a[t21] = t23
65  :    t24 = 2
66  :    t25 = 0
67  :    t26 = t24
68  :    t26 = t26 * 4
69  :    t25 = t26
70  :    t27 = 23
71  :    a[t25] = t27
72  :    t28 = 3
73  :    t29 = 0
74  :    t30 = t28
75  :    t30 = t30 * 4
76  :    t29 = t30
77  :    t31 = 6
78  :    t32 = -t31
79  :    a[t29] = t32
80  :    t33 = 4
81  :    t34 = 0
82  :    t35 = t33
83  :    t35 = t35 * 4
84  :    t34 = t35
85  :    t36 = 43
86  :    t37 = -t36
87  :    a[t34] = t37
88  :    t38 = 5
89  :    t39 = 0
90  :    t40 = t38
91  :    t40 = t40 * 4
92  :    t39 = t40
93  :    t41 = 320
94  :    a[t39] = t41
95  :    t42 = 6
96  :    t43 = 0
97  :    t44 = t42
98  :    t44 = t44 * 4
99  :    t43 = t44
100 :    t45 = 233
101 :    a[t43] = t45
102 :    t46 = 7
103 :    t47 = 0
104 :    t48 = t46
105 :    t48 = t48 * 4
106 :    t47 = t48
107 :    t49 = 87
108 :    t50 = -t49
109 :    a[t47] = t50
110 :    t51 = 0
111 :    i = t51
112 :    t52 = 8
113 :    t53 = 1
114 :    if i < t52 goto 121
115 :    t53 = 0
116 :    goto 137
117 :    goto 137
118 :    t54 = i
119 :    i = i + 1
120 :    goto 112
121 :    param .LC0
122 :    t55 = call printStr, 1
123 :    param i
124 :    t56 = call printInt, 1
125 :    param .LC1
126 :    t57 = call printStr, 1
127 :    t58 = 0
128 :    t59 = i
129 :    t59 = t59 * 4
130 :    t58 = t59
131 :    t60 = a[t58]
132 :    param t60
133 :    t61 = call printInt, 1
134 :    param .LC2
135 :    t62 = call printStr, 1
136 :    goto 118
137 :    t64 = 8
138 :    param a
139 :    param t64
140 :    t65 = call max_sub_array_sum, 2
141 :    max_subArr_sum = t65
142 :    param .LC3
143 :    t66 = call printStr, 1
144 :    param max_subArr_sum
145 :    t67 = call printInt, 1
146 :    param .LC4
147 :    t68 = call printStr, 1
148 :    t69 = 0
149 :    return t69
150 : function main ends

************************************************************************************************************************

Symbol Table: ST.global                                         
************************************************************************************************************************

Name                    Type                     Initial Value       Size           Offset         Nested
************************************************************************************************************************

printStr                 function                 -                   0              0              ST.global.printStr
printInt                 function                 -                   0              0              ST.global.printInt
readInt                  function                 -                   0              0              ST.global.readInt
max_sub_array_sum        function                 -                   0              0              ST.global.max_sub_array_sum
main                     function                 -                   0              0              ST.global.main
************************************************************************************************************************

************************************************************************************************************************

Symbol Table: ST.global.printStr                                
************************************************************************************************************************

Name                    Type                     Initial Value       Size           Offset         Nested
************************************************************************************************************************

ch                       char                     -                   1              0              NULL
RETVAL                   int                      -                   4              1              NULL
************************************************************************************************************************

************************************************************************************************************************

Symbol Table: ST.global.printInt                                
************************************************************************************************************************

Name                    Type                     Initial Value       Size           Offset         Nested
************************************************************************************************************************

n                        int                      -                   4              0              NULL
RETVAL                   int                      -                   4              4              NULL
************************************************************************************************************************

************************************************************************************************************************

Symbol Table: ST.global.readInt                                 
************************************************************************************************************************

Name                    Type                     Initial Value       Size           Offset         Nested
************************************************************************************************************************

eP                       int                      -                   4              0              NULL
RETVAL                   int                      -                   4              4              NULL
************************************************************************************************************************

************************************************************************************************************************

Symbol Table: ST.global.max_sub_array_sum                       
************************************************************************************************************************

Name                    Type                     Initial Value       Size           Offset         Nested
************************************************************************************************************************

a                        int[]                    -                   0              0              NULL
n                        int                      -                   4              0              NULL
RETVAL                   int                      -                   4              4              NULL
t0                       int                      1000000             4              8              NULL
t1                       int                      -                   4              12             NULL
t2                       int                      0                   4              16             NULL
overall_max              int                      -                   4              20             NULL
max_till_now             int                      0                   4              24             NULL
i                        int                      -                   4              28             NULL
t3                       int                      0                   4              32             NULL
t4                       int                      -                   4              36             NULL
t5                       int                      -                   4              40             NULL
t6                       int                      -                   4              44             NULL
t7                       int                      -                   4              48             NULL
t8                       int                      -                   4              52             NULL
t9                       int                      -                   4              56             NULL
t10                      int                      -                   4              60             NULL
t11                      int                      0                   4              64             NULL
t12                      int                      -                   4              68             NULL
t13                      int                      0                   4              72             NULL
************************************************************************************************************************

************************************************************************************************************************

Symbol Table: ST.global.main                                    
************************************************************************************************************************

Name                    Type                     Initial Value       Size           Offset         Nested
************************************************************************************************************************

RETVAL                   int                      -                   4              0              NULL
t14                      int                      8                   4              4              NULL
a                        int[8]                   -                   32             8              NULL
t15                      int                      0                   4              40             NULL
t16                      int                      -                   4              44             NULL
t17                      int                      -                   4              48             NULL
t18                      int                      12                  4              52             NULL
t19                      int                      -                   4              56             NULL
t20                      int                      1                   4              60             NULL
t21                      int                      -                   4              64             NULL
t22                      int                      -                   4              68             NULL
t23                      int                      87                  4              72             NULL
t24                      int                      2                   4              76             NULL
t25                      int                      -                   4              80             NULL
t26                      int                      -                   4              84             NULL
t27                      int                      23                  4              88             NULL
t28                      int                      3                   4              92             NULL
t29                      int                      -                   4              96             NULL
t30                      int                      -                   4              100            NULL
t31                      int                      6                   4              104            NULL
t32                      int                      -                   4              108            NULL
t33                      int                      4                   4              112            NULL
t34                      int                      -                   4              116            NULL
t35                      int                      -                   4              120            NULL
t36                      int                      43                  4              124            NULL
t37                      int                      -                   4              128            NULL
t38                      int                      5                   4              132            NULL
t39                      int                      -                   4              136            NULL
t40                      int                      -                   4              140            NULL
t41                      int                      320                 4              144            NULL
t42                      int                      6                   4              148            NULL
t43                      int                      -                   4              152            NULL
t44                      int                      -                   4              156            NULL
t45                      int                      233                 4              160            NULL
t46                      int                      7                   4              164            NULL
t47                      int                      -                   4              168            NULL
t48                      int                      -                   4              172            NULL
t49                      int                      87                  4              176            NULL
t50                      int                      -                   4              180            NULL
i                        int                      -                   4              184            NULL
t51                      int                      0                   4              188            NULL
t52                      int                      8                   4              192            NULL
t53                      int                      -                   4              196            NULL
t54                      int                      -                   4              200            NULL
printStr                 int                      -                   4              204            NULL
.LC0                     int                      -                   4              208            NULL
t55                      int                      -                   4              212            NULL
printInt                 int                      -                   4              216            NULL
t56                      int                      -                   4              220            NULL
.LC1                     int                      -                   4              224            NULL
t57                      int                      -                   4              228            NULL
t58                      int                      -                   4              232            NULL
t59                      int                      -                   4              236            NULL
t60                      int                      -                   4              240            NULL
t61                      int                      -                   4              244            NULL
.LC2                     int                      -                   4              248            NULL
t62                      int                      -                   4              252            NULL
max_sub_array_sum        int                      -                   4              256            NULL
t63                      int                      -                   4              260            NULL
t64                      int                      8                   4              264            NULL
t65                      int                      -                   4              268            NULL
max_subArr_sum           int                      -                   4              272            NULL
.LC3                     int                      -                   4              276            NULL
t66                      int                      -                   4              280            NULL
t67                      int                      -                   4              284            NULL
.LC4                     int                      -                   4              288            NULL
t68                      int                      -                   4              292            NULL
t69                      int                      0                   4              296            NULL
************************************************************************************************************************

