************************************************************************************************************************

THREE ADDRESS CODE (TAC):
************************************************************************************************************************


0   : printStr: 
1   : function printStr ends

2   : printFlt: 
3   : function printFlt ends

4   : readFlt: 
5   : function readFlt ends

6   : main: 
7   :    t0 = 1.100000
8   :    a = t0
9   :    t1 = 2.200000
10  :    b = t1
11  :    param a
12  :    t2 = call printFlt, 1
13  :    param .LC0
14  :    t3 = call printStr, 1
15  :    param b
16  :    t4 = call printFlt, 1
17  :    param .LC1
18  :    t5 = call printStr, 1
19  :    t6 = a + b
20  :    param t6
21  :    t7 = call printFlt, 1
22  :    param .LC2
23  :    t8 = call printStr, 1
24  : function main ends

************************************************************************************************************************

Symbol Table: ST.global                                         
************************************************************************************************************************

Name                    Type                     Initial Value       Size           Offset         Nested
************************************************************************************************************************

printStr                 function                 -                   0              0              ST.global.printStr
printFlt                 function                 -                   0              0              ST.global.printFlt
readFlt                  function                 -                   0              0              ST.global.readFlt
main                     function                 -                   0              0              ST.global.main
************************************************************************************************************************

************************************************************************************************************************

Symbol Table: ST.global.printStr                                
************************************************************************************************************************

Name                    Type                     Initial Value       Size           Offset         Nested
************************************************************************************************************************

s                        char                     -                   1              0              NULL
RETVAL                   int                      -                   4              1              NULL
************************************************************************************************************************

************************************************************************************************************************

Symbol Table: ST.global.printFlt                                
************************************************************************************************************************

Name                    Type                     Initial Value       Size           Offset         Nested
************************************************************************************************************************

f                        float                    -                   8              0              NULL
RETVAL                   int                      -                   4              8              NULL
************************************************************************************************************************

************************************************************************************************************************

Symbol Table: ST.global.readFlt                                 
************************************************************************************************************************

Name                    Type                     Initial Value       Size           Offset         Nested
************************************************************************************************************************

eP                       int                      -                   4              0              NULL
RETVAL                   float                    -                   8              4              NULL
************************************************************************************************************************

************************************************************************************************************************

Symbol Table: ST.global.main                                    
************************************************************************************************************************

Name                    Type                     Initial Value       Size           Offset         Nested
************************************************************************************************************************

RETVAL                   int                      -                   4              0              NULL
t0                       float                    1.000000            8              4              NULL
a                        float                    1.000000            8              12             NULL
t1                       float                    2.000000            8              20             NULL
b                        float                    2.000000            8              28             NULL
printFlt                 int                      -                   4              36             NULL
t2                       int                      -                   4              40             NULL
printStr                 int                      -                   4              44             NULL
.LC0                     int                      -                   4              48             NULL
t3                       int                      -                   4              52             NULL
t4                       int                      -                   4              56             NULL
.LC1                     int                      -                   4              60             NULL
t5                       int                      -                   4              64             NULL
t6                       float                    -                   8              68             NULL
t7                       int                      -                   4              76             NULL
.LC2                     int                      -                   4              80             NULL
t8                       int                      -                   4              84             NULL
************************************************************************************************************************

